node : 共 4367 个文件，开始审计…
At line:2 char:1
+ node scripts/_audit_all.mjs > _audit_run4.log 2>&1
+ ~~~~~~~~~~~~~~~~~~~~~~~~~~~~~~~~~~~~~~~~~~~~~~~~~~
    + CategoryInfo          : NotSpecified: (共 4367 个文件，开始审计…:String) [], RemoteException
    + FullyQualifiedErrorId : NativeCommandError
 
  …已处理 500/4367
  …已处理 1000/4367
  …已处理 1500/4367
  …已处理 2000/4367
  …已处理 2500/4367
  …已处理 3000/4367
  …已处理 3500/4367
  …已处理 4000/4367

=== 审计完成 ===
总文件数：4367
有问题的文件数：787
跨世界重复段组数：882
按类型汇总： {
  '灌水标记': 190,
  '机检-警告': 457,
  '文件名不符': 39,
  '文件内重复段': 30,
  '机检-错误': 233,
  '结构': 5
}
详情见 scripts/_audit_report.json
