node : 共 4362 个文件，开始审计…
At line:1 char:302
+ ... t' } catch {} } }; node scripts/_audit_all.mjs > _audit_run2.log 2>&1
+                        ~~~~~~~~~~~~~~~~~~~~~~~~~~~~~~~~~~~~~~~~~~~~~~~~~~
    + CategoryInfo          : NotSpecified: (共 4362 个文件，开始审计…:String) [], RemoteException
    + FullyQualifiedErrorId : NativeCommandError
 
  …已处理 500/4362
  …已处理 1000/4362
  …已处理 1500/4362
  …已处理 2000/4362
  …已处理 2500/4362
  …已处理 3000/4362
  …已处理 3500/4362
  …已处理 4000/4362

=== 审计完成 ===
总文件数：4362
有问题的文件数：498
跨世界重复段组数：884
按类型汇总： {
  '灌水标记': 234,
  '机检-警告': 86,
  '机检-错误': 298,
  '文件名不符': 39,
  '文件内重复段': 29,
  '结构': 5
}
详情见 scripts/_audit_report.json
