需要内容级修复的文件总数： 307
涉及批次： 93 范围 36 - 853
批次36: 5个 -> 为美好的世界献上祝福、金刚狼1、金刚狼2、金刚狼3、高達SEED
批次94: 1个 -> SCP基金会
批次95: 3个 -> 人类清除计划、吸血鬼猎人D、林中小屋
批次119: 2个 -> 东方兽王园、剧场版：你可曾记得爱
批次121: 1个 -> 超时空要塞：你可曾记得爱（剧场版）
批次122: 2个 -> 超时空要塞F：恋离飞翼（剧场版后篇）、超时空要塞F：虚空歌姬（剧场版前篇）
批次130: 3个 -> 暗黑破坏神、火焰之纹章：觉醒、饥饿游戏2
批次135: 2个 -> 攻克机动队（按：攻壳机动队）、黑暗塔（系列总览）
批次136: 1个 -> 攻壳机动队（漫画原作）
批次166: 2个 -> 宝可梦：超世代、宝可梦：钻石与珍珠
批次167: 1个 -> 宝可梦XY
批次168: 1个 -> 宝可梦不可思议迷宫：红/蓝救助队
批次170: 5个 -> OOO×W：MOVIE大战MEGAMAX（剧场版）、假面骑士Fourze（TV）、假面骑士OOO：Wonderful 将军与21枚核心硬币（剧场版）、宝可梦不可思议迷宫：救助队DX、宝可梦不可思议迷宫：超级
批次171: 5个 -> Fourze×OOO：MOVIE大战ULTIMATUM（剧场版）、Pokémon GO、假面骑士Fourze：大家一起宇宙来啦！（剧场版）、宝可梦大集结、魔兽世界：黑翼血环
批次172: 5个 -> Wizard×Fourze：MOVIE大战Z（剧场版）、假面骑士Wizard（TV）、假面骑士Wizard：IN MAGIC LAND（剧场版）、假面骑士铠武Gaim（TV）、铠武Gaim：足球大决战！黄金果实争夺杯！（剧场版）
批次173: 5个 -> Drive×铠武：MOVIE大战FULL THROTTLE（剧场版）、假面骑士Drive（TV）、假面骑士Drive：Surprise Future（剧场版）、假面骑士Ghost（TV）、铠武Gaim：战国MOVIE大合战（剧场版）
批次174: 5个 -> Ghost：100眼魂与Ghost命运的瞬间（剧场版）、假面骑士Zero-One（TV）、平成GENERATION'S FINAL：Build&Ex-Aid with 传说骑士（剧场版）、平成GENERATION'S：Dr.吃豆人对Ex-Aid&Ghost（剧场版）、火焰之纹章无双：风花雪月
批次175: 5个 -> Revice：Battle Familia（剧场版）、Zero-One：REAL×TIME（剧场版）、假面骑士Revice（TV）、假面骑士×超级战队：Super Hero Senki（剧场版）、魔兽世界：安托鲁斯：燃烧王座
批次176: 5个 -> Geats×Revice：MOVIE Battle Royale（剧场版）、假面骑士BLACK SUN（剧集）、假面骑士Gotchard（TV）、假面骑士Outsiders（网剧）、魔兽世界：尼奥罗萨：觉醒之城
批次177: 5个 -> 魔兽世界：亚贝鲁斯：暗影熔炉、魔兽世界：奈鲁布尔宫殿、魔兽世界：法力熔炉欧米伽（Manaforge Omega）、魔兽世界：解放安德麦（Liberation of Undermine）、魔兽世界：阿梅达希尔：梦境之愿
批次178: 5个 -> 魔兽世界：天灾入侵（经典前夕）、魔兽世界：安其拉开门、魔兽世界：希利苏斯战争物资、魔兽世界：战歌峡谷第一次冲锋、魔兽世界：斯坦索姆净化
批次179: 5个 -> 魔兽世界：外域：黑暗之门重启、魔兽世界：奎尔丹纳斯进攻、魔兽世界：奥特兰克山谷拉锯战、魔兽世界：纳格兰竞技场首战、魔兽世界：诺森德登陆战
批次180: 5个 -> 魔兽世界：大地的裂变：死亡之翼降临、魔兽世界：夺回安卡赫特、魔兽世界：奈鲁布尔宫殿（Nerub-ar Palace）、魔兽世界：巫妖王的冰冠冲锋、魔兽世界：龙骨荒野天灾防线
批次181: 5个 -> 魔兽世界：奥格瑞玛城门攻防、魔兽世界：法力熔炉欧米伽、魔兽世界：海加尔山守卫战、魔兽世界：潘达利亚登陆、魔兽世界：锦绣谷保卫战
批次182: 5个 -> 魔兽世界：塔纳安丛林登陆、魔兽世界：外域—黑暗之门重启、魔兽世界：德拉诺：黑暗之门突袭、魔兽世界：破碎海滩惨败、魔兽世界：苏拉玛起义
批次183: 5个 -> 魔兽世界：冰冠冲锋、魔兽世界：泰达希尔燃烧、魔兽世界：纳沙塔尔沉船、魔兽世界：赞达拉登陆战、魔兽世界：阿古斯登陆
批次184: 5个 -> 魔兽世界：噬渊初入、魔兽世界：噬渊突围救援、魔兽世界：大地的裂变—死亡之翼降临、魔兽世界：巨龙群岛初到、魔兽世界：恩佐斯的低语蔓延
批次185: 5个 -> 国家队（DARLING in the FRANXX）、野良神（漫画）、魔兽世界：地心之战：多恩岛登陆、魔兽世界：德拉诺—黑暗之门突袭、魔兽世界：瓦德拉肯集结
批次186: 5个 -> 野良神 ARAGOTO（动画第二季）、野良神（OAD/OVA）、野良神（动画第一季）、黑兽2（Kuroinu 2）、黑兽（Kuroinu）
批次187: 5个 -> 银魂（TV 2006）、银魂（TV 2011）、银魂（漫画）、魔兽世界：恩佐斯低语蔓延、黑兽：改/外传（如按某一版本）
批次188: 5个 -> 银魂.（TV 2018）、银魂°（TV 2015）、银魂（TV 2017）、银魂：新译红樱篇（剧场版）、魔兽世界：地心之战—多恩岛登陆
批次189: 5个 -> 约会大作战II、约会大作战（动画S1）、约会大作战（轻小说）、银魂 THE FINAL（剧场版）、银魂：完结篇 永远的万事屋（剧场版）
批次190: 5个 -> 塞尔达传说2：林克的冒险、塞尔达传说（The Legend of Zelda）、塞尔达传说（总览）、约会大作战III、约会大作战IV
批次191: 5个 -> DATE A BULLET（轻小说）、塞尔达传说：众神的三角力量、塞尔达传说：林克的觉醒、约会大作战V、约会大作战：万由里裁决（剧场版）
批次192: 5个 -> DATE A BULLET（动画：前篇）、DATE A BULLET（动画：后篇）、塞尔达传说：姆吉拉的假面、塞尔达传说：时之笛、脑叶公司（Lobotomy Corporation）
批次193: 5个 -> 塞尔达传说：神谕之时空章、塞尔达传说：神谕之章、塞尔达传说：风之杖、废墟图书馆（Library of Ruina）、鬼泣（Devil May Cry 1）
批次194: 5个 -> DmC：鬼泣（重启）、塞尔达传说：四支剑+、塞尔达传说：四支剑、塞尔达传说：缩小帽、塞尔达传说：黄昏公主
批次195: 5个 -> 塞尔达传说：三角力量英雄、塞尔达传说：众神的三角力量2、塞尔达传说：大地汽笛、塞尔达传说：天空之剑、塞尔达传说：幻影沙漏
批次196: 5个 -> 塞尔达传说：王国之泪、塞尔达传说：荒野之息、弑神者（Campione!）、海拉鲁无双、海拉鲁无双：灾厄启示录
批次197: 5个 -> 地狱之歌（Hellsing）、我有一座冒险屋（小说）、极道帝兵、狩龙者拉格纳、魔装学园H×H
批次198: 5个 -> 七人魔法使、怪物猎人（初代）、惊悚乐园（小说）、文豪野犬（漫画）、最后的大魔王
批次199: 5个 -> 怪物猎人2（Dos）、怪物猎人G、文豪野犬（动画S1）、文豪野犬（动画S2）、文豪野犬（动画S3）
批次200: 5个 -> 怪物猎人3G/Ultimate、怪物猎人3（Tri）、怪物猎人4、文豪野犬（动画S4）、文豪野犬（动画S5）
批次228: 1个 -> 我有一座冒险屋（漫画－改编）
批次241: 1个 -> Muv-Luv-Alternative计划
批次251: 3个 -> 对魔忍雪风-同伴双堕、对魔忍雪风-新人堕落、对魔忍雪风-母女再会
批次265: 1个 -> 奴隶区-完全服从
批次274: 1个 -> 月姬 (Tsukihime Original)
批次281: 1个 -> 君与她与她的恋爱 (Totono)
批次292: 5个 -> 美少女万华镜1: 被诅咒的传说少女、美少女万华镜2.5: 献给曾是少女的你、美少女万华镜2: 勿忘草与永远的少女、美少女万华镜3: 神明创造的少女们、美少女万华镜4: 罪与罚的少女
批次293: 1个 -> 美少女万华镜5: 理与迷宫的少女
批次317: 1个 -> 终之空 Remake (Tsui no Sora Remake)
批次330: 1个 -> OVA 巨乳プリンセス催眠
批次346: 1个 -> 触手列車-終点駅
批次352: 3个 -> 女子校生拘束-地下室、淫魔の館-メイド調教、触手病棟-感染拡大
批次495: 1个 -> 聖騎士団-歴史博物館拡張
批次499: 1个 -> エルフ歌劇団-海外公演
批次515: 3个 -> 再婚皇后、外貌至上主义、女神降临
批次524: 1个 -> 小丑回魂（IT）
批次526: 1个 -> 古墓丽影
批次527: 5个 -> 传送门、半衰期、反恐精英、彩虹六号、战争机器
批次528: 2个 -> 王国之心、真·女神转生
批次531: 1个 -> 使命召唤：黑色行动
批次580: 1个 -> 倩女幽魂
批次591: 1个 -> 黑鹰坠落
批次598: 1个 -> 我在恐怖游戏里封神
批次608: 4个 -> 恐鬼症（Phasmophobia）、机动警察、致命公司（Lethal Company）、装甲骑兵
批次619: 5个 -> 导火线、杀破狼、死亡游戏、猛龙过江、精武门（李小龙）
批次620: 3个 -> 沼泽怪物、神奇四侠、银影侠
批次628: 4个 -> 剑侠奇缘、合金弹头、名将（Captain Commando）、恐龙快打
批次705: 5个 -> 25歳の女子○生] ［完全版］、Lilitales リリテイルズ act.4「流浪の踊り子」、俺が姪（かのじょ）を○す理由（わけ） 三日目 彼女が心を閉ざした日、恋妹・菫〜背徳に溺れるギセイ、無知ッ強制成長中っ!!! Growth.1 カラダは大人っ! 中身は…
批次715: 1个 -> 夢魔の街コルネリカ 第二話 お仕事たくさんコルネリカ
批次719: 1个 -> マックスハート 変態かてきょ・更紗
批次720: 1个 -> 自宅警備員 ターゲット－由紀
批次721: 1个 -> 自宅警備員 ターゲット:由紀
批次722: 1个 -> 自宅警備員 ターゲット－さやか
批次733: 5个 -> ○○交配 第三話 傲慢な彼女は竜の長、おーばーふろぉ 完全版、巨乳プリンセス催眠 第1話 Revenge、自宅警備員2 灰原家の血族 第一話 巨乳エリート従兄妹・玲奈、色情教団 第二話
批次734: 6个 -> ○○交配 第四話 淫らな彼女たちは俺の教え子、すけっとさんじょうきんぱつきょにゅうがあるとねつもりぜっちょうぷれい1助っ人参上!! 金髪巨乳ガールと熱盛絶頂プレイ、てにおはっ!2 リミットオーバー、、卒業○○電車 一輌目 思い出の○○巨乳教師は狙われている、小さな蕾のその奥に……
批次757: 1个 -> 
批次764: 3个 -> ○○交配 第六話 真面目な彼女は鬼の姫巫女、おたくにやさしいぎゃるとかきょにゅうのおさななじみとか2オタクに優しいギャルとか、巨乳の幼なじみとか。②、少女Z 第三話 あなた、ヤンクレママですよね。旦那に万引きがバレていいんですか
批次765: 1个 -> しょじょはおねえさまにこいしてるみっつのきらぼし1[処女はお姉さまに恋してる 三つのきら星
批次771: 1个 -> 姪っ子をもう一人ラブホに連れ込んで、さらにヤリたい放題 憧憬クルエロ・真冬
批次774: 2个 -> ToHeart、君が望む永遠
批次780: 3个 -> ハルキス、夏ノ終熄、夏空のペルセウス
批次781: 5个 -> グリザイアの果実、グリザイアの楽園、グリザイアの迷宮、グリザイア：ファントムトリガー、夏色ハイスクル★青春白書
批次782: 5个 -> あいりすミスティリア!、グリザイア クロノスリベリオン、千の刃濤、桃花染の皇姫 -花あかり-、千の刃濤、桃花染の皇姫、穢翼のユースティア
批次783: 4个 -> アマツツミ、タユタマ -Kiss on my Deity-、タユタマ2 -you're the only one-、時計仕掛けのレイライン
批次788: 4个 -> アマカノ、アマカノ2、アマカノ～Second Season～、ノラと皇女と野良猫ハート
批次789: 5个 -> ノラとと2、ノラとと3、恋姫†無双、真・恋姫†無双、真・恋姫†英雄譚
批次790: 5个 -> アストラエアの白き永遠 Finale -白き星の夢-、アストラエアの白き永遠、真・恋姫†夢想、近月少女の礼儀、近月少女の礼儀2
批次791: 5个 -> あなたに恋する恋愛ルセット、あなたの事を好きと言わせて、あなたをオトコにしてあげる!、ガールズシンフォニー、恋する気持ちのかさねかた
批次792: 4个 -> Narcissu、ガールズシンフォニー2、恋する乙女と守護の楯 Re:boot The SHIELD-9、恋する乙女と守護の楯
批次853: 5个 -> 三塔游戏、废土边境检查官、急急如律令、科技入侵现代、说好的民企，空天母舰什么鬼
