NAI 批量生图 → C:\Users\Administrator\Desktop\前端卡\files\zhushen-space\zhushen-space\public
接口：https://image.novelai.net/ai/generate-image  间隔：6s/张

=== C:\Users\Administrator\Desktop\前端卡\files\欢愉宫图片\玉鳞\阶段3  (200 张, 1216x832, nai-diffusion-4-5-full) · 双池随机(各抽3/3) ===
    身份块: 15::best quality,ultra-detailed,absurdres, very aesthetic, detailed, masterpiece::,1.2::8k,4k,highres::,
1.3::intricate details, finely detailed features, illus…
  · 已存在，跳过 玉鳞_01.png
  · 已存在，跳过 玉鳞_02.png
  · 已存在，跳过 玉鳞_03.png
  · 已存在，跳过 玉鳞_04.png
  · 已存在，跳过 玉鳞_05.png
  · 已存在，跳过 玉鳞_06.png
  · 已存在，跳过 玉鳞_07.png
  · 已存在，跳过 玉鳞_08.png
  · 已存在，跳过 玉鳞_09.png
  · 已存在，跳过 玉鳞_10.png
  · 已存在，跳过 玉鳞_11.png
  · 已存在，跳过 玉鳞_12.png
  · 已存在，跳过 玉鳞_13.png
  · 已存在，跳过 玉鳞_14.png
  · 已存在，跳过 玉鳞_15.png
  · 已存在，跳过 玉鳞_16.png
  · 已存在，跳过 玉鳞_17.png
  · 已存在，跳过 玉鳞_18.png
  · 已存在，跳过 玉鳞_19.png
  · 已存在，跳过 玉鳞_20.png
  · 已存在，跳过 玉鳞_21.png
  · 已存在，跳过 玉鳞_22.png
  · 已存在，跳过 玉鳞_23.png
  · 已存在，跳过 玉鳞_24.png
  · 已存在，跳过 玉鳞_25.png
  · 已存在，跳过 玉鳞_26.png
  · 已存在，跳过 玉鳞_27.png
  · 已存在，跳过 玉鳞_28.png
  · 已存在，跳过 玉鳞_29.png
  · 已存在，跳过 玉鳞_30.png
  · 已存在，跳过 玉鳞_31.png
  · 已存在，跳过 玉鳞_32.png
  · 已存在，跳过 玉鳞_33.png
  · 已存在，跳过 玉鳞_34.png
  · 已存在，跳过 玉鳞_35.png
  · 已存在，跳过 玉鳞_36.png
  · 已存在，跳过 玉鳞_37.png
  · 已存在，跳过 玉鳞_38.png
  · 已存在，跳过 玉鳞_39.png
  · 已存在，跳过 玉鳞_40.png
  · 已存在，跳过 玉鳞_41.png
  · 已存在，跳过 玉鳞_42.png
  · 已存在，跳过 玉鳞_43.png
  · 已存在，跳过 玉鳞_44.png
  · 已存在，跳过 玉鳞_45.png
  · 已存在，跳过 玉鳞_46.png
  · 已存在，跳过 玉鳞_47.png
  · 已存在，跳过 玉鳞_48.png
  · 已存在，跳过 玉鳞_49.png
  · 已存在，跳过 玉鳞_50.png
  · 已存在，跳过 玉鳞_51.png
  · 已存在，跳过 玉鳞_52.png
  · 已存在，跳过 玉鳞_53.png
  · 已存在，跳过 玉鳞_54.png
  · 已存在，跳过 玉鳞_55.png
  · 已存在，跳过 玉鳞_56.png
  · 已存在，跳过 玉鳞_57.png
  · 已存在，跳过 玉鳞_58.png
  · 已存在，跳过 玉鳞_59.png
  · 已存在，跳过 玉鳞_60.png
  · 已存在，跳过 玉鳞_61.png
  · 已存在，跳过 玉鳞_62.png
  · 已存在，跳过 玉鳞_63.png
  · 已存在，跳过 玉鳞_64.png
  · 已存在，跳过 玉鳞_65.png
  · 已存在，跳过 玉鳞_66.png
  · 已存在，跳过 玉鳞_67.png
  · 已存在，跳过 玉鳞_68.png
  · 已存在，跳过 玉鳞_69.png
  · 已存在，跳过 玉鳞_70.png
  · 已存在，跳过 玉鳞_71.png
  · 已存在，跳过 玉鳞_72.png
  · 已存在，跳过 玉鳞_73.png
  · 已存在，跳过 玉鳞_74.png
  · 已存在，跳过 玉鳞_75.png
  · 已存在，跳过 玉鳞_76.png
  · 已存在，跳过 玉鳞_77.png
  · 已存在，跳过 玉鳞_78.png
  · 已存在，跳过 玉鳞_79.png
  · 已存在，跳过 玉鳞_80.png
  · 已存在，跳过 玉鳞_81.png
  · 已存在，跳过 玉鳞_82.png
  · 已存在，跳过 玉鳞_83.png
  · 已存在，跳过 玉鳞_84.png
  · 已存在，跳过 玉鳞_85.png
  · 已存在，跳过 玉鳞_86.png
  · 已存在，跳过 玉鳞_87.png
  · 已存在，跳过 玉鳞_88.png
  · 已存在，跳过 玉鳞_89.png
  · 已存在，跳过 玉鳞_90.png
  · 已存在，跳过 玉鳞_91.png
  · 已存在，跳过 玉鳞_92.png
  · 已存在，跳过 玉鳞_93.png
  · 已存在，跳过 玉鳞_94.png
  · 已存在，跳过 玉鳞_95.png
  · 已存在，跳过 玉鳞_96.png
  · 已存在，跳过 玉鳞_97.png
  · 已存在，跳过 玉鳞_98.png
  · 已存在，跳过 玉鳞_99.png
  · 已存在，跳过 玉鳞_100.png
  · 已存在，跳过 玉鳞_101.png
  · 已存在，跳过 玉鳞_102.png
  · 已存在，跳过 玉鳞_103.png
  · 已存在，跳过 玉鳞_104.png
  · 已存在，跳过 玉鳞_105.png
  · 已存在，跳过 玉鳞_106.png
  · 已存在，跳过 玉鳞_107.png
  · 已存在，跳过 玉鳞_108.png
  · 已存在，跳过 玉鳞_109.png
  · 已存在，跳过 玉鳞_110.png
  · 已存在，跳过 玉鳞_111.png
  · 已存在，跳过 玉鳞_112.png
  · 已存在，跳过 玉鳞_113.png
  · 已存在，跳过 玉鳞_114.png
  · 已存在，跳过 玉鳞_115.png
  · 已存在，跳过 玉鳞_116.png
  · 已存在，跳过 玉鳞_117.png
  · 已存在，跳过 玉鳞_118.png
  · 已存在，跳过 玉鳞_119.png
  · 已存在，跳过 玉鳞_120.png
  · 已存在，跳过 玉鳞_121.png
  · 已存在，跳过 玉鳞_122.png
  · 已存在，跳过 玉鳞_123.png
  · 已存在，跳过 玉鳞_124.png
  · 已存在，跳过 玉鳞_125.png
  · 已存在，跳过 玉鳞_126.png
  · 已存在，跳过 玉鳞_127.png
  · 已存在，跳过 玉鳞_128.png
  · 已存在，跳过 玉鳞_129.png
  · 已存在，跳过 玉鳞_130.png
  · 已存在，跳过 玉鳞_131.png
  · 已存在，跳过 玉鳞_132.png
  · 已存在，跳过 玉鳞_133.png
  · 已存在，跳过 玉鳞_134.png
  · 已存在，跳过 玉鳞_135.png
  · 已存在，跳过 玉鳞_136.png
  · 已存在，跳过 玉鳞_137.png
  · 已存在，跳过 玉鳞_138.png
  · 已存在，跳过 玉鳞_139.png
  · 已存在，跳过 玉鳞_140.png
  · 已存在，跳过 玉鳞_141.png
  · 已存在，跳过 玉鳞_142.png
  · 已存在，跳过 玉鳞_143.png
  · 已存在，跳过 玉鳞_144.png
  · 已存在，跳过 玉鳞_145.png
  · 已存在，跳过 玉鳞_146.png
  · 已存在，跳过 玉鳞_147.png
  · 已存在，跳过 玉鳞_148.png
  · 已存在，跳过 玉鳞_149.png
  · 已存在，跳过 玉鳞_150.png
  · 已存在，跳过 玉鳞_151.png
  · 已存在，跳过 玉鳞_152.png
  · 已存在，跳过 玉鳞_153.png
  · 已存在，跳过 玉鳞_154.png
  · 已存在，跳过 玉鳞_155.png
  · 已存在，跳过 玉鳞_156.png
  · 已存在，跳过 玉鳞_157.png
  · 已存在，跳过 玉鳞_158.png
  · 已存在，跳过 玉鳞_159.png
  · 已存在，跳过 玉鳞_160.png
  · 已存在，跳过 玉鳞_161.png
  · 已存在，跳过 玉鳞_162.png
  · 已存在，跳过 玉鳞_163.png
  · 已存在，跳过 玉鳞_164.png
  · 已存在，跳过 玉鳞_165.png
  · 已存在，跳过 玉鳞_166.png
  · 已存在，跳过 玉鳞_167.png
  · 已存在，跳过 玉鳞_168.png
  · 已存在，跳过 玉鳞_169.png
  · 已存在，跳过 玉鳞_170.png
  · 已存在，跳过 玉鳞_171.png
  · 已存在，跳过 玉鳞_172.png
  · 已存在，跳过 玉鳞_173.png
  · 已存在，跳过 玉鳞_174.png
  · 已存在，跳过 玉鳞_175.png
  · 已存在，跳过 玉鳞_176.png
  · 已存在，跳过 玉鳞_177.png
  · 已存在，跳过 玉鳞_178.png
  · 已存在，跳过 玉鳞_179.png
  · 已存在，跳过 玉鳞_180.png
  · 已存在，跳过 玉鳞_181.png
  · 已存在，跳过 玉鳞_182.png
  · 已存在，跳过 玉鳞_183.png
  · 已存在，跳过 玉鳞_184.png
  · 已存在，跳过 玉鳞_185.png
  · 已存在，跳过 玉鳞_186.png
  · 已存在，跳过 玉鳞_187.png
  · 已存在，跳过 玉鳞_188.png
  · 已存在，跳过 玉鳞_189.png
  · 已存在，跳过 玉鳞_190.png
  · 已存在，跳过 玉鳞_191.png
  · 已存在，跳过 玉鳞_192.png
  · 已存在，跳过 玉鳞_193.png
  · 已存在，跳过 玉鳞_194.png
  · 已存在，跳过 玉鳞_195.png
  · 已存在，跳过 玉鳞_196.png
  · 已存在，跳过 玉鳞_197.png
  · 已存在，跳过 玉鳞_198.png
  · 已存在，跳过 玉鳞_199.png
  · 已存在，跳过 玉鳞_200.png

=== C:\Users\Administrator\Desktop\前端卡\files\欢愉宫图片\罗安\阶段1  (100 张, 1216x832, nai-diffusion-4-5-full) · 每张不同姿势 ===
    身份块: 15::best quality,ultra-detailed,absurdres, very aesthetic, detailed, masterpiece::,1.2::8k,4k,highres::,
1.3::intricate details, finely detailed features, illus…
  · 已存在，跳过 罗安_01.png
  · 已存在，跳过 罗安_02.png
  · 已存在，跳过 罗安_03.png
  · 已存在，跳过 罗安_04.png
  · 已存在，跳过 罗安_05.png
  · 已存在，跳过 罗安_06.png
  · 已存在，跳过 罗安_07.png
  · 已存在，跳过 罗安_08.png
  · 已存在，跳过 罗安_09.png
  · 已存在，跳过 罗安_10.png
  · 已存在，跳过 罗安_11.png
  · 已存在，跳过 罗安_12.png
  · 已存在，跳过 罗安_13.png
  · 已存在，跳过 罗安_14.png
  · 已存在，跳过 罗安_15.png
  · 已存在，跳过 罗安_16.png
  · 已存在，跳过 罗安_17.png
  · 已存在，跳过 罗安_18.png
  · 已存在，跳过 罗安_19.png
  · 已存在，跳过 罗安_20.png
  · 已存在，跳过 罗安_21.png
  · 已存在，跳过 罗安_22.png
  · 已存在，跳过 罗安_23.png
  · 已存在，跳过 罗安_24.png
  · 已存在，跳过 罗安_25.png
  · 已存在，跳过 罗安_26.png
  · 已存在，跳过 罗安_27.png
  · 已存在，跳过 罗安_28.png
  · 已存在，跳过 罗安_29.png
  · 已存在，跳过 罗安_30.png
  · 已存在，跳过 罗安_31.png
  · 已存在，跳过 罗安_32.png
  · 已存在，跳过 罗安_33.png
  · 已存在，跳过 罗安_34.png
  · 已存在，跳过 罗安_35.png
  · 已存在，跳过 罗安_36.png
  · 已存在，跳过 罗安_37.png
  · 已存在，跳过 罗安_38.png
  · 已存在，跳过 罗安_39.png
  · 已存在，跳过 罗安_40.png
  · 已存在，跳过 罗安_41.png
  · 已存在，跳过 罗安_42.png
  · 已存在，跳过 罗安_43.png
  · 已存在，跳过 罗安_44.png
  · 已存在，跳过 罗安_45.png
  · 已存在，跳过 罗安_46.png
  · 已存在，跳过 罗安_47.png
  · 已存在，跳过 罗安_48.png
  · 已存在，跳过 罗安_49.png
  · 已存在，跳过 罗安_50.png
  · 已存在，跳过 罗安_51.png
  · 已存在，跳过 罗安_52.png
  · 已存在，跳过 罗安_53.png
  · 已存在，跳过 罗安_54.png
  · 已存在，跳过 罗安_55.png
  · 已存在，跳过 罗安_56.png
  · 已存在，跳过 罗安_57.png
  · 已存在，跳过 罗安_58.png
  · 已存在，跳过 罗安_59.png
  · 已存在，跳过 罗安_60.png
  · 已存在，跳过 罗安_61.png
  · 已存在，跳过 罗安_62.png
  · 已存在，跳过 罗安_63.png
  · 已存在，跳过 罗安_64.png
  · 已存在，跳过 罗安_65.png
  · 已存在，跳过 罗安_66.png
  · 已存在，跳过 罗安_67.png
  · 已存在，跳过 罗安_68.png
  · 已存在，跳过 罗安_69.png
  · 已存在，跳过 罗安_70.png
  · 已存在，跳过 罗安_71.png
  · 已存在，跳过 罗安_72.png
  · 已存在，跳过 罗安_73.png
  · 已存在，跳过 罗安_74.png
  · 已存在，跳过 罗安_75.png
  · 已存在，跳过 罗安_76.png
  · 已存在，跳过 罗安_77.png
  · 已存在，跳过 罗安_78.png
  · 已存在，跳过 罗安_79.png
  · 已存在，跳过 罗安_80.png
  · 已存在，跳过 罗安_81.png
  · 已存在，跳过 罗安_82.png
  · 已存在，跳过 罗安_83.png
  · 已存在，跳过 罗安_84.png
  · 已存在，跳过 罗安_85.png
  · 已存在，跳过 罗安_86.png
  · 已存在，跳过 罗安_87.png
  · 已存在，跳过 罗安_88.png
  · 已存在，跳过 罗安_89.png
  · 已存在，跳过 罗安_90.png
  · 已存在，跳过 罗安_91.png
  · 已存在，跳过 罗安_92.png
  · 已存在，跳过 罗安_93.png
  · 已存在，跳过 罗安_94.png
  · 已存在，跳过 罗安_95.png
  · 已存在，跳过 罗安_96.png
  · 已存在，跳过 罗安_97.png
  · 已存在，跳过 罗安_98.png
  · 已存在，跳过 罗安_99.png
  · 已存在，跳过 罗安_100.png

=== C:\Users\Administrator\Desktop\前端卡\files\欢愉宫图片\罗安\阶段2  (200 张, 1216x832, nai-diffusion-4-5-full) · 双池随机(各抽3/3) ===
    身份块: 15::best quality,ultra-detailed,absurdres, very aesthetic, detailed, masterpiece::,1.2::8k,4k,highres::,
1.3::intricate details, finely detailed features, illus…
  · 已存在，跳过 罗安_01.png
  · 已存在，跳过 罗安_02.png
  · 已存在，跳过 罗安_03.png
  · 已存在，跳过 罗安_04.png
  · 已存在，跳过 罗安_05.png
  · 已存在，跳过 罗安_06.png
  · 已存在，跳过 罗安_07.png
  · 已存在，跳过 罗安_08.png
  · 已存在，跳过 罗安_09.png
  · 已存在，跳过 罗安_10.png
  · 已存在，跳过 罗安_11.png
  · 已存在，跳过 罗安_12.png
  · 已存在，跳过 罗安_13.png
  · 已存在，跳过 罗安_14.png
  · 已存在，跳过 罗安_15.png
  · 已存在，跳过 罗安_16.png
  · 已存在，跳过 罗安_17.png
  · 已存在，跳过 罗安_18.png
  · 已存在，跳过 罗安_19.png
  · 已存在，跳过 罗安_20.png
  · 已存在，跳过 罗安_21.png
  · 已存在，跳过 罗安_22.png
  · 已存在，跳过 罗安_23.png
  · 已存在，跳过 罗安_24.png
  · 已存在，跳过 罗安_25.png
  · 已存在，跳过 罗安_26.png
  · 已存在，跳过 罗安_27.png
  · 已存在，跳过 罗安_28.png
  · 已存在，跳过 罗安_29.png
  · 已存在，跳过 罗安_30.png
  · 已存在，跳过 罗安_31.png
  · 已存在，跳过 罗安_32.png
  · 已存在，跳过 罗安_33.png
  · 已存在，跳过 罗安_34.png
  · 已存在，跳过 罗安_35.png
  · 已存在，跳过 罗安_36.png
  · 已存在，跳过 罗安_37.png
  · 已存在，跳过 罗安_38.png
  · 已存在，跳过 罗安_39.png
  · 已存在，跳过 罗安_40.png
  · 已存在，跳过 罗安_41.png
  · 已存在，跳过 罗安_42.png
  · 已存在，跳过 罗安_43.png
  · 已存在，跳过 罗安_44.png
  · 已存在，跳过 罗安_45.png
  · 已存在，跳过 罗安_46.png
  · 已存在，跳过 罗安_47.png
  · 已存在，跳过 罗安_48.png
  · 已存在，跳过 罗安_49.png
  · 已存在，跳过 罗安_50.png
  · 已存在，跳过 罗安_51.png
  · 已存在，跳过 罗安_52.png
  · 已存在，跳过 罗安_53.png
  · 已存在，跳过 罗安_54.png
  · 已存在，跳过 罗安_55.png
  · 已存在，跳过 罗安_56.png
  · 已存在，跳过 罗安_57.png
  · 已存在，跳过 罗安_58.png
  · 已存在，跳过 罗安_59.png
  · 已存在，跳过 罗安_60.png
  · 已存在，跳过 罗安_61.png
  · 已存在，跳过 罗安_62.png
  · 已存在，跳过 罗安_63.png
  · 已存在，跳过 罗安_64.png
  · 已存在，跳过 罗安_65.png
  · 已存在，跳过 罗安_66.png
  · 已存在，跳过 罗安_67.png
  · 已存在，跳过 罗安_68.png
  · 已存在，跳过 罗安_69.png
  · 已存在，跳过 罗安_70.png
  · 已存在，跳过 罗安_71.png
  · 已存在，跳过 罗安_72.png
  · 已存在，跳过 罗安_73.png
  · 已存在，跳过 罗安_74.png
  · 已存在，跳过 罗安_75.png
  · 已存在，跳过 罗安_76.png
  · 已存在，跳过 罗安_77.png
  · 已存在，跳过 罗安_78.png
  · 已存在，跳过 罗安_79.png
  · 已存在，跳过 罗安_80.png
  · 已存在，跳过 罗安_81.png
  · 已存在，跳过 罗安_82.png
  · 已存在，跳过 罗安_83.png
  · 已存在，跳过 罗安_84.png
  · 已存在，跳过 罗安_85.png
  · 已存在，跳过 罗安_86.png
  · 已存在，跳过 罗安_87.png
  · 已存在，跳过 罗安_88.png
  · 已存在，跳过 罗安_89.png
  · 已存在，跳过 罗安_90.png
  · 已存在，跳过 罗安_91.png
  · 已存在，跳过 罗安_92.png
  · 已存在，跳过 罗安_93.png
  · 已存在，跳过 罗安_94.png
  · 已存在，跳过 罗安_95.png
  · 已存在，跳过 罗安_96.png
  · 已存在，跳过 罗安_97.png
  · 已存在，跳过 罗安_98.png
  · 已存在，跳过 罗安_99.png
  · 已存在，跳过 罗安_100.png
  · 已存在，跳过 罗安_101.png
  · 已存在，跳过 罗安_102.png
  · 已存在，跳过 罗安_103.png
  · 已存在，跳过 罗安_104.png
  · 已存在，跳过 罗安_105.png
  · 已存在，跳过 罗安_106.png
  · 已存在，跳过 罗安_107.png
  · 已存在，跳过 罗安_108.png
  · 已存在，跳过 罗安_109.png
  · 已存在，跳过 罗安_110.png
  · 已存在，跳过 罗安_111.png
  · 已存在，跳过 罗安_112.png
  · 已存在，跳过 罗安_113.png
  · 已存在，跳过 罗安_114.png
  · 已存在，跳过 罗安_115.png
  · 已存在，跳过 罗安_116.png
  · 已存在，跳过 罗安_117.png
  · 已存在，跳过 罗安_118.png
  · 已存在，跳过 罗安_119.png
  · 已存在，跳过 罗安_120.png
  · 已存在，跳过 罗安_121.png
  · 已存在，跳过 罗安_122.png
  · 已存在，跳过 罗安_123.png
  · 已存在，跳过 罗安_124.png
  · 已存在，跳过 罗安_125.png
  · 已存在，跳过 罗安_126.png
  · 已存在，跳过 罗安_127.png
  · 已存在，跳过 罗安_128.png
  · 已存在，跳过 罗安_129.png
  · 已存在，跳过 罗安_130.png
  · 已存在，跳过 罗安_131.png
  · 已存在，跳过 罗安_132.png
  · 已存在，跳过 罗安_133.png
  · 已存在，跳过 罗安_134.png
  · 已存在，跳过 罗安_135.png
  · 已存在，跳过 罗安_136.png
  · 已存在，跳过 罗安_137.png
  · 已存在，跳过 罗安_138.png
  · 已存在，跳过 罗安_139.png
  · 已存在，跳过 罗安_140.png
  · 已存在，跳过 罗安_141.png
  · 已存在，跳过 罗安_142.png
  · 已存在，跳过 罗安_143.png
  · 已存在，跳过 罗安_144.png
  · 已存在，跳过 罗安_145.png
  · 已存在，跳过 罗安_146.png
  · 已存在，跳过 罗安_147.png
  · 已存在，跳过 罗安_148.png
  · 已存在，跳过 罗安_149.png
  · 已存在，跳过 罗安_150.png
  · 已存在，跳过 罗安_151.png
  · 已存在，跳过 罗安_152.png
  · 已存在，跳过 罗安_153.png
  · 已存在，跳过 罗安_154.png
  · 已存在，跳过 罗安_155.png
  · 已存在，跳过 罗安_156.png
  · 已存在，跳过 罗安_157.png
  · 已存在，跳过 罗安_158.png
  · 已存在，跳过 罗安_159.png
  · 已存在，跳过 罗安_160.png
  · 已存在，跳过 罗安_161.png
  · 已存在，跳过 罗安_162.png
  · 已存在，跳过 罗安_163.png
  · 已存在，跳过 罗安_164.png
  · 已存在，跳过 罗安_165.png
  · 已存在，跳过 罗安_166.png
  · 已存在，跳过 罗安_167.png
  · 已存在，跳过 罗安_168.png
  · 已存在，跳过 罗安_169.png
  · 已存在，跳过 罗安_170.png
  · 已存在，跳过 罗安_171.png
  · 已存在，跳过 罗安_172.png
  · 已存在，跳过 罗安_173.png
  · 已存在，跳过 罗安_174.png
  · 已存在，跳过 罗安_175.png
  · 已存在，跳过 罗安_176.png
  · 已存在，跳过 罗安_177.png
  · 已存在，跳过 罗安_178.png
  · 已存在，跳过 罗安_179.png
  · 已存在，跳过 罗安_180.png
  · 已存在，跳过 罗安_181.png
  · 已存在，跳过 罗安_182.png
  · 已存在，跳过 罗安_183.png
  · 已存在，跳过 罗安_184.png
  · 已存在，跳过 罗安_185.png
  · 已存在，跳过 罗安_186.png
  · 已存在，跳过 罗安_187.png
  · 已存在，跳过 罗安_188.png
  · 已存在，跳过 罗安_189.png
  · 已存在，跳过 罗安_190.png
  · 已存在，跳过 罗安_191.png
  · 已存在，跳过 罗安_192.png
  · 已存在，跳过 罗安_193.png
  · 已存在，跳过 罗安_194.png
  · 已存在，跳过 罗安_195.png
  · 已存在，跳过 罗安_196.png
  · 已存在，跳过 罗安_197.png
  · 已存在，跳过 罗安_198.png
  · 已存在，跳过 罗安_199.png
  · 已存在，跳过 罗安_200.png

=== C:\Users\Administrator\Desktop\前端卡\files\欢愉宫图片\罗安\阶段3  (200 张, 1216x832, nai-diffusion-4-5-full) · 双池随机(各抽3/3) ===
    身份块: 15::best quality,ultra-detailed,absurdres, very aesthetic, detailed, masterpiece::,1.2::8k,4k,highres::,
1.3::intricate details, finely detailed features, illus…
  · 已存在，跳过 罗安_01.png
  · 已存在，跳过 罗安_02.png
  · 已存在，跳过 罗安_03.png
  · 已存在，跳过 罗安_04.png
  · 已存在，跳过 罗安_05.png
  · 已存在，跳过 罗安_06.png
  · 已存在，跳过 罗安_07.png
  · 已存在，跳过 罗安_08.png
  · 已存在，跳过 罗安_09.png
  · 已存在，跳过 罗安_10.png
  · 已存在，跳过 罗安_11.png
  · 已存在，跳过 罗安_12.png
  · 已存在，跳过 罗安_13.png
  · 已存在，跳过 罗安_14.png
  · 已存在，跳过 罗安_15.png
  · 已存在，跳过 罗安_16.png
  · 已存在，跳过 罗安_17.png
  · 已存在，跳过 罗安_18.png
  · 已存在，跳过 罗安_19.png
  · 已存在，跳过 罗安_20.png
  · 已存在，跳过 罗安_21.png
  · 已存在，跳过 罗安_22.png
  · 已存在，跳过 罗安_23.png
  · 已存在，跳过 罗安_24.png
  · 已存在，跳过 罗安_25.png
  · 已存在，跳过 罗安_26.png
  · 已存在，跳过 罗安_27.png
  · 已存在，跳过 罗安_28.png
  · 已存在，跳过 罗安_29.png
  · 已存在，跳过 罗安_30.png
  · 已存在，跳过 罗安_31.png
  · 已存在，跳过 罗安_32.png
  · 已存在，跳过 罗安_33.png
  · 已存在，跳过 罗安_34.png
  · 已存在，跳过 罗安_35.png
  · 已存在，跳过 罗安_36.png
  · 已存在，跳过 罗安_37.png
  · 已存在，跳过 罗安_38.png
  · 已存在，跳过 罗安_39.png
  · 已存在，跳过 罗安_40.png
  · 已存在，跳过 罗安_41.png
  · 已存在，跳过 罗安_42.png
  · 已存在，跳过 罗安_43.png
  · 已存在，跳过 罗安_44.png
  · 已存在，跳过 罗安_45.png
  · 已存在，跳过 罗安_46.png
  · 已存在，跳过 罗安_47.png
  · 已存在，跳过 罗安_48.png
  · 已存在，跳过 罗安_49.png
  · 已存在，跳过 罗安_50.png
  · 已存在，跳过 罗安_51.png
  · 已存在，跳过 罗安_52.png
  · 已存在，跳过 罗安_53.png
  · 已存在，跳过 罗安_54.png
  · 已存在，跳过 罗安_55.png
  · 已存在，跳过 罗安_56.png
  · 已存在，跳过 罗安_57.png
  · 已存在，跳过 罗安_58.png
  · 已存在，跳过 罗安_59.png
  · 已存在，跳过 罗安_60.png
  · 已存在，跳过 罗安_61.png
  · 已存在，跳过 罗安_62.png
  · 已存在，跳过 罗安_63.png
  · 已存在，跳过 罗安_64.png
  · 已存在，跳过 罗安_65.png
  · 已存在，跳过 罗安_66.png
  · 已存在，跳过 罗安_67.png
  · 已存在，跳过 罗安_68.png
  · 已存在，跳过 罗安_69.png
  · 已存在，跳过 罗安_70.png
  · 已存在，跳过 罗安_71.png
  · 已存在，跳过 罗安_72.png
  · 已存在，跳过 罗安_73.png
  · 已存在，跳过 罗安_74.png
  · 已存在，跳过 罗安_75.png
  · 已存在，跳过 罗安_76.png
  · 已存在，跳过 罗安_77.png
  · 已存在，跳过 罗安_78.png
  · 已存在，跳过 罗安_79.png
  · 已存在，跳过 罗安_80.png
  · 已存在，跳过 罗安_81.png
  · 已存在，跳过 罗安_82.png
  · 已存在，跳过 罗安_83.png
  · 已存在，跳过 罗安_84.png
  · 已存在，跳过 罗安_85.png
  · 已存在，跳过 罗安_86.png
  · 已存在，跳过 罗安_87.png
  · 已存在，跳过 罗安_88.png
  · 已存在，跳过 罗安_89.png
  · 已存在，跳过 罗安_90.png
  · 已存在，跳过 罗安_91.png
  · 已存在，跳过 罗安_92.png
  · 已存在，跳过 罗安_93.png
  · 已存在，跳过 罗安_94.png
  · 已存在，跳过 罗安_95.png
  · 已存在，跳过 罗安_96.png
  · 已存在，跳过 罗安_97.png
  · 已存在，跳过 罗安_98.png
  · 已存在，跳过 罗安_99.png
  · 已存在，跳过 罗安_100.png
  · 已存在，跳过 罗安_101.png
  · 已存在，跳过 罗安_102.png
  · 已存在，跳过 罗安_103.png
  · 已存在，跳过 罗安_104.png
  · 已存在，跳过 罗安_105.png
  · 已存在，跳过 罗安_106.png
  · 已存在，跳过 罗安_107.png
  · 已存在，跳过 罗安_108.png
  · 已存在，跳过 罗安_109.png
  · 已存在，跳过 罗安_110.png
  · 已存在，跳过 罗安_111.png
  · 已存在，跳过 罗安_112.png
  · 已存在，跳过 罗安_113.png
  · 已存在，跳过 罗安_114.png
  · 已存在，跳过 罗安_115.png
  · 已存在，跳过 罗安_116.png
  · 已存在，跳过 罗安_117.png
  · 已存在，跳过 罗安_118.png
  · 已存在，跳过 罗安_119.png
  · 已存在，跳过 罗安_120.png
  · 已存在，跳过 罗安_121.png
  · 已存在，跳过 罗安_122.png
  · 已存在，跳过 罗安_123.png
  · 已存在，跳过 罗安_124.png
  · 已存在，跳过 罗安_125.png
  · 已存在，跳过 罗安_126.png
  · 已存在，跳过 罗安_127.png
  · 已存在，跳过 罗安_128.png
  · 已存在，跳过 罗安_129.png
  · 已存在，跳过 罗安_130.png
  · 已存在，跳过 罗安_131.png
  · 已存在，跳过 罗安_132.png
  · 已存在，跳过 罗安_133.png
  · 已存在，跳过 罗安_134.png
  · 已存在，跳过 罗安_135.png
  · 已存在，跳过 罗安_136.png
  · 已存在，跳过 罗安_137.png
  · 已存在，跳过 罗安_138.png
  · 已存在，跳过 罗安_139.png
  · 已存在，跳过 罗安_140.png
  · 已存在，跳过 罗安_141.png
  · 已存在，跳过 罗安_142.png
  · 已存在，跳过 罗安_143.png
  · 已存在，跳过 罗安_144.png
  · 已存在，跳过 罗安_145.png
  · 已存在，跳过 罗安_146.png
  · 已存在，跳过 罗安_147.png
  · 已存在，跳过 罗安_148.png
  · 已存在，跳过 罗安_149.png
  · 已存在，跳过 罗安_150.png
  · 已存在，跳过 罗安_151.png
  ✓ 罗安_152.png  (1503 KB, seed=3468738573)  | race queen breasts out, bunny girl breasts exposed
  ✓ 罗安_153.png  (1460 KB, seed=2600970612)  | naked apron, micro bikini aside, breasts exposed, 
  ✓ 罗安_154.png  (1480 KB, seed=3615489926)  | lingerie pulled aside, maid outfit breasts exposed
  ✓ 罗安_155.png  (1578 KB, seed=2241781199)  | micro bikini aside, yukata open, china dress breas
  ✓ 罗安_156.png  (1571 KB, seed=4012149299)  | yukata open, lingerie pulled aside, succubus linge
  ✓ 罗安_157.png  (1452 KB, seed=1398025090)  | bunny girl breasts exposed, thigh-high boots, whit
  ✓ 罗安_158.png  (1348 KB, seed=1175676762)  | miko outfit open, open-cup bra, teacher outfit bre
  ✓ 罗安_159.png  (1322 KB, seed=930152520)  | leather harness lingerie, schoolgirl uniform breas
  ✓ 罗安_160.png  (1326 KB, seed=2194459801)  | areola slip, china dress breasts exposed, schoolgi
  ✓ 罗安_161.png  (1401 KB, seed=3982535139)  | bottomless with thong, topless, secretary suit ope
  ✓ 罗安_162.png  (1316 KB, seed=2282877966)  | ripped pantyhose, see-through negligee, lace-top t
  ✓ 罗安_163.png  (1286 KB, seed=4126066818)  | pantyhose hugging ass, succubus lingerie, bare sho
  ✓ 罗安_164.png  (1337 KB, seed=1418290674)  | succubus lingerie, fishnet pantyhose, pantyhose hu
  ✓ 罗安_165.png  (1335 KB, seed=417948745)  | ripped pantyhose, see-through negligee, topless, a
  ✓ 罗安_166.png  (1304 KB, seed=52489170)  | policewoman uniform open, ass exposed, sheer babyd
  ✓ 罗安_167.png  (1357 KB, seed=2162456261)  | pantyhose hugging ass, office lady blouse open, th
  ✓ 罗安_168.png  (1369 KB, seed=770366298)  | miko outfit open, areola slip, office lady blouse 
  ✓ 罗安_169.png  (1284 KB, seed=3512741063)  | lingerie pulled aside, over-the-knee socks, ass ex
  ✓ 罗安_170.png  (1333 KB, seed=992959760)  | policewoman uniform open, open-cup bra, thigh-high
  ✓ 罗安_171.png  (1504 KB, seed=1647579066)  | nipples, fishnet pantyhose, race queen breasts out
  ✓ 罗安_172.png  (1536 KB, seed=3878484795)  | black thighhighs, bare shoulders, fishnet pantyhos
  ✓ 罗安_173.png  (1250 KB, seed=3269177358)  | sideboob, white thighhighs, sailor uniform open, f
  ✓ 罗安_174.png  (1473 KB, seed=3375423676)  | witch lingerie, nurse outfit breasts exposed, side
  ✓ 罗安_175.png  (1213 KB, seed=600213647)  | sailor uniform open, race queen breasts out, teach
  ✓ 罗安_176.png  (1564 KB, seed=721255961)  | nipples, bottomless with thong, white thighhighs, 
  ✓ 罗安_177.png  (1422 KB, seed=4045659259)  | thigh-high boots, kimono open, breasts exposed, sa
  ✓ 罗安_178.png  (1265 KB, seed=3974463427)  | kimono open, see-through negligee, white knee sock
  ✓ 罗安_179.png  (1391 KB, seed=3822778198)  | clothes lift, bunny girl breasts exposed, playboy 
  ✓ 罗安_180.png  (1361 KB, seed=3767155462)  | ass exposed, lace-top thighhighs, teacher outfit b
  ✓ 罗安_181.png  (1370 KB, seed=2181738534)  | kimono open, black lace lingerie, topless, ass up,
  ✓ 罗安_182.png  (1497 KB, seed=1189148286)  | see-through negligee, playboy bunny suit open, wet
  ✓ 罗安_183.png  (1493 KB, seed=1664690881)  | lace-top thighhighs, cheerleader top lifted, yukat
  ✓ 罗安_184.png  (1435 KB, seed=2389311871)  | bare shoulders, playboy bunny suit open, micro bik
  ✓ 罗安_185.png  (1367 KB, seed=1388331674)  | fishnet stockings, cleavage, sideboob, looking bac
  ✓ 罗安_186.png  (1503 KB, seed=4267897308)  | fishnet pantyhose, white knee socks, teacher outfi
  ✓ 罗安_187.png  (1384 KB, seed=2004961417)  | leather harness lingerie, ripped pantyhose, sheer 
  ✓ 罗安_188.png  (1434 KB, seed=3047301132)  | china dress breasts exposed, ass exposed, breasts 
  ✓ 罗安_189.png  (1444 KB, seed=156455206)  | over-the-knee socks, see-through negligee, garter 
  ✓ 罗安_190.png  (1421 KB, seed=2283666989)  | garter belt and stockings only, idol costume open,
  ✓ 罗安_191.png  (1606 KB, seed=315185201)  | idol costume open, clothes lift, black thighhighs,
  ✓ 罗安_192.png  (1451 KB, seed=2631564705)  | garter belt and stockings only, qipao high slit, o
  ✓ 罗安_193.png  (1474 KB, seed=1194128696)  | succubus lingerie, cleavage, bra pulled down, aheg
  ✓ 罗安_194.png  (1296 KB, seed=387249967)  | ass exposed, china dress breasts exposed, open-cup
  ✓ 罗安_195.png  (1545 KB, seed=1294681389)  | areola slip, playboy bunny suit open, clothes lift
  ✓ 罗安_196.png  (1357 KB, seed=2628485203)  | see-through negligee, over-the-knee socks, topless
  ✓ 罗安_197.png  (1245 KB, seed=2953590319)  | fishnet stockings, teacher outfit breasts out, mai
  ✓ 罗安_198.png  (1457 KB, seed=643277089)  | sideboob, black thighhighs, lingerie pulled aside,
  ✓ 罗安_199.png  (1246 KB, seed=1195798631)  | office lady blouse open, ass exposed, yukata open,
  ✓ 罗安_200.png  (1439 KB, seed=1557652821)  | white thighhighs, lingerie pulled aside, open-cup 

完成：新增 49、跳过 651、失败 0。输出根目录：C:\Users\Administrator\Desktop\前端卡\files\zhushen-space\zhushen-space\public
